<?xml version="1.0" encoding="UTF-8"?>
<testng-results skipped="0" failed="0" total="1" passed="1">
  <reporter-output>
    <line>
      <![CDATA[[INFO]: The test Browser is CHROME !!!]]>
    </line>
    <line>
      <![CDATA[<div "featureFile">Feature File: 1_LoginPage.feature</div>]]>
    </line>
    <line>
      <![CDATA[<div "feature">Feature: 1. Login Features</div>]]>
    </line>
    <line>
      <![CDATA[<div "scenario">Scenario: Login</div>]]>
    </line>
    <line>
      <![CDATA[<div "result">Given  I Launch Application URL (passed : 5s)</div>]]>
    </line>
    <line>
      <![CDATA[I Enter Domain Name: 'Frameworks']]>
    </line>
    <line>
      <![CDATA[I Enter User Name: 'arunqait']]>
    </line>
    <line>
      <![CDATA[I Enter Password: 'Qait@123']]>
    </line>
    <line>
      <![CDATA[I Click On Login Button]]>
    </line>
    <line>
      <![CDATA[<div "result">When  I Login As &quot;Admin&quot; (passed : 6s)</div>]]>
    </line>
    <line>
      <![CDATA[********************************************************]]>
    </line>
    <line>
      <![CDATA[Scenario Result: passed]]>
    </line>
    <line>
      <![CDATA[********************************************************]]>
    </line>
  </reporter-output>
  <suite name="Default suite" duration-ms="18826" started-at="2020-01-15T14:12:21Z" finished-at="2020-01-15T14:12:40Z">
    <groups>
      <group name="cucumber">
        <method signature="AbstractTestNGCucumberTests.run_cukes()[pri:0, instance:com.company.project.stepdefs.RunnerTest@1a968a59]" name="run_cukes" class="cucumber.api.testng.AbstractTestNGCucumberTests"/>
      </group> <!-- cucumber -->
    </groups>
    <test name="Default test" duration-ms="18826" started-at="2020-01-15T14:12:21Z" finished-at="2020-01-15T14:12:40Z">
      <class name="com.company.project.stepdefs.RunnerTest">
        <test-method status="PASS" signature="start()[pri:0, instance:com.company.project.stepdefs.RunnerTest@1a968a59]" name="start" is-config="true" duration-ms="6466" started-at="2020-01-15T19:42:21Z" finished-at="2020-01-15T19:42:28Z">
          <reporter-output>
            <line>
              <![CDATA[[INFO]: The test Browser is CHROME !!!]]>
            </line>
          </reporter-output>
        </test-method> <!-- start -->
        <test-method status="PASS" signature="run_cukes()[pri:0, instance:com.company.project.stepdefs.RunnerTest@1a968a59]" name="run_cukes" duration-ms="12348" started-at="2020-01-15T19:42:28Z" description="Runs Cucumber Features" finished-at="2020-01-15T19:42:40Z">
          <reporter-output>
            <line>
              <![CDATA[<div "featureFile">Feature File: 1_LoginPage.feature</div>]]>
            </line>
            <line>
              <![CDATA[<div "feature">Feature: 1. Login Features</div>]]>
            </line>
            <line>
              <![CDATA[<div "scenario">Scenario: Login</div>]]>
            </line>
            <line>
              <![CDATA[<div "result">Given  I Launch Application URL (passed : 5s)</div>]]>
            </line>
            <line>
              <![CDATA[I Enter Domain Name: 'Frameworks']]>
            </line>
            <line>
              <![CDATA[I Enter User Name: 'arunqait']]>
            </line>
            <line>
              <![CDATA[I Enter Password: 'Qait@123']]>
            </line>
            <line>
              <![CDATA[I Click On Login Button]]>
            </line>
            <line>
              <![CDATA[<div "result">When  I Login As &quot;Admin&quot; (passed : 6s)</div>]]>
            </line>
            <line>
              <![CDATA[********************************************************]]>
            </line>
            <line>
              <![CDATA[Scenario Result: passed]]>
            </line>
            <line>
              <![CDATA[********************************************************]]>
            </line>
          </reporter-output>
        </test-method> <!-- run_cukes -->
      </class> <!-- com.company.project.stepdefs.RunnerTest -->
    </test> <!-- Default test -->
  </suite> <!-- Default suite -->
</testng-results>
